{"timestamp": "2025-11-03T12:36:21.116263", "level": "INFO", "logger": "root", "message": "Logging initialized - Level: INFO", "module": "logging", "function": "setup_logging", "line": 275, "asctime": "2025-11-03 15:36:21"}
{"timestamp": "2025-11-03T12:36:21.116521", "level": "INFO", "logger": "root", "message": "Environment: production", "module": "logging", "function": "setup_logging", "line": 276, "asctime": "2025-11-03 15:36:21"}
{"timestamp": "2025-11-03T12:36:21.116805", "level": "INFO", "logger": "root", "message": "Log files: /home/parrot/Templates/cedia/cedia-project/gnn/gnn/services/test/graph-builder-service/logs", "module": "logging", "function": "setup_logging", "line": 277, "asctime": "2025-11-03 15:36:21"}
{"timestamp": "2025-11-03T13:08:43.024356", "level": "INFO", "logger": "root", "message": "Logging initialized - Level: INFO", "module": "logging", "function": "setup_logging", "line": 275, "asctime": "2025-11-03 16:08:43"}
{"timestamp": "2025-11-03T13:08:43.024629", "level": "INFO", "logger": "root", "message": "Environment: production", "module": "logging", "function": "setup_logging", "line": 276, "asctime": "2025-11-03 16:08:43"}
{"timestamp": "2025-11-03T13:08:43.024942", "level": "INFO", "logger": "root", "message": "Log files: /home/parrot/Templates/cedia/cedia-project/gnn/gnn/services/test/graph-builder-service/logs", "module": "logging", "function": "setup_logging", "line": 277, "asctime": "2025-11-03 16:08:43"}
{"timestamp": "2025-11-03T13:09:22.175349", "level": "INFO", "logger": "root", "message": "Logging initialized - Level: INFO", "module": "logging", "function": "setup_logging", "line": 275, "asctime": "2025-11-03 16:09:22"}
{"timestamp": "2025-11-03T13:09:22.175618", "level": "INFO", "logger": "root", "message": "Environment: production", "module": "logging", "function": "setup_logging", "line": 276, "asctime": "2025-11-03 16:09:22"}
{"timestamp": "2025-11-03T13:09:22.175906", "level": "INFO", "logger": "root", "message": "Log files: /home/parrot/Templates/cedia/cedia-project/gnn/gnn/services/test/graph-builder-service/logs", "module": "logging", "function": "setup_logging", "line": 277, "asctime": "2025-11-03 16:09:22"}
{"timestamp": "2025-11-03T13:15:23.418580", "level": "INFO", "logger": "root", "message": "Logging initialized - Level: INFO", "module": "logging", "function": "setup_logging", "line": 275, "asctime": "2025-11-03 16:15:23"}
{"timestamp": "2025-11-03T13:15:23.418876", "level": "INFO", "logger": "root", "message": "Environment: production", "module": "logging", "function": "setup_logging", "line": 276, "asctime": "2025-11-03 16:15:23"}
{"timestamp": "2025-11-03T13:15:23.419186", "level": "INFO", "logger": "root", "message": "Log files: /home/parrot/Templates/cedia/cedia-project/gnn/gnn/services/test/graph-builder-service/logs", "module": "logging", "function": "setup_logging", "line": 277, "asctime": "2025-11-03 16:15:23"}
{"timestamp": "2025-11-03T13:19:45.747859", "level": "INFO", "logger": "root", "message": "Logging initialized - Level: INFO", "module": "logging", "function": "setup_logging", "line": 275, "asctime": "2025-11-03 16:19:45"}
{"timestamp": "2025-11-03T13:19:45.748131", "level": "INFO", "logger": "root", "message": "Environment: production", "module": "logging", "function": "setup_logging", "line": 276, "asctime": "2025-11-03 16:19:45"}
{"timestamp": "2025-11-03T13:19:45.748440", "level": "INFO", "logger": "root", "message": "Log files: /home/parrot/Templates/cedia/cedia-project/gnn/gnn/services/test/graph-builder-service/logs", "module": "logging", "function": "setup_logging", "line": 277, "asctime": "2025-11-03 16:19:45"}
{"timestamp": "2025-11-03T13:21:07.406163", "level": "INFO", "logger": "root", "message": "Logging initialized - Level: INFO", "module": "logging", "function": "setup_logging", "line": 275, "asctime": "2025-11-03 16:21:07"}
{"timestamp": "2025-11-03T13:21:07.406435", "level": "INFO", "logger": "root", "message": "Environment: production", "module": "logging", "function": "setup_logging", "line": 276, "asctime": "2025-11-03 16:21:07"}
{"timestamp": "2025-11-03T13:21:07.406760", "level": "INFO", "logger": "root", "message": "Log files: /home/parrot/Templates/cedia/cedia-project/gnn/gnn/services/test/graph-builder-service/logs", "module": "logging", "function": "setup_logging", "line": 277, "asctime": "2025-11-03 16:21:07"}
{"timestamp": "2025-11-04T07:02:31.711967", "level": "INFO", "logger": "root", "message": "Logging initialized - Level: INFO", "module": "logging", "function": "setup_logging", "line": 275, "asctime": "2025-11-04 10:02:31"}
{"timestamp": "2025-11-04T07:02:31.720829", "level": "INFO", "logger": "root", "message": "Environment: production", "module": "logging", "function": "setup_logging", "line": 276, "asctime": "2025-11-04 10:02:31"}
{"timestamp": "2025-11-04T07:02:31.721381", "level": "INFO", "logger": "root", "message": "Log files: /home/parrot/Templates/cedia/cedia-project/gnn/gnn/services/graph-builder-service/logs", "module": "logging", "function": "setup_logging", "line": 277, "asctime": "2025-11-04 10:02:31"}
{"timestamp": "2025-11-04T07:15:24.975651", "level": "INFO", "logger": "root", "message": "Logging initialized - Level: INFO", "module": "logging", "function": "setup_logging", "line": 275, "asctime": "2025-11-04 10:15:24"}
{"timestamp": "2025-11-04T07:15:24.982376", "level": "INFO", "logger": "root", "message": "Environment: production", "module": "logging", "function": "setup_logging", "line": 276, "asctime": "2025-11-04 10:15:24"}
{"timestamp": "2025-11-04T07:15:24.982688", "level": "INFO", "logger": "root", "message": "Log files: /home/parrot/Templates/cedia/cedia-project/gnn/gnn/services/graph-builder-service/logs", "module": "logging", "function": "setup_logging", "line": 277, "asctime": "2025-11-04 10:15:24"}
[32m[1mINFO[0m | 2025-11-04 10:15:36 | root:setup_logging:275 | Logging initialized - Level: INFO
[32m[1mINFO[0m | 2025-11-04 10:15:36 | root:setup_logging:276 | Environment: production
[32m[1mINFO[0m | 2025-11-04 10:15:36 | root:setup_logging:277 | Log files: /home/parrot/Templates/cedia/cedia-project/gnn/gnn/services/graph-builder-service/logs
[32m[1mINFO[0m | 2025-11-04 10:15:36 | app.main:lifespan:31 | Starting GraphBuilderService...
[32m[1mINFO[0m | 2025-11-04 10:15:36 | app.main:lifespan:32 | Environment: production
[32m[1mINFO[0m | 2025-11-04 10:15:36 | app.main:lifespan:33 | Debug mode: False
[32m[1mINFO[0m | 2025-11-04 10:15:36 | app.main:lifespan:40 | Session manager initialized
[32m[1mINFO[0m | 2025-11-04 10:15:36 | app.services.neo4j.singleton:_initialize_driver:50 | Initializing Neo4j driver: bolt://localhost:7687
[32m[1mINFO[0m | 2025-11-04 10:15:41 | app.services.neo4j.singleton:_initialize_driver:65 | Neo4j driver initialized successfully
[32m[1mINFO[0m | 2025-11-04 10:15:41 | app.main:lifespan:46 | Neo4j driver initialized
[32m[1mINFO[0m | 2025-11-04 10:15:41 | app.main:lifespan:50 | GraphBuilderService started successfully on 0.0.0.0:8000
[32m[1mINFO[0m | 2025-11-04 10:16:03 | app.main:log_requests:111 | GET /
[32m[1mINFO[0m | 2025-11-04 10:16:03 | app.main:log_requests:113 | GET / - Status: 200
[32m[1mINFO[0m | 2025-11-04 10:16:07 | app.main:log_requests:111 | GET /favicon.ico
[31m[1mERROR[0m | 2025-11-04 10:16:07 | app.main:http_exception_handler:124 | HTTP error: 404 - Not Found
[32m[1mINFO[0m | 2025-11-04 10:16:07 | app.main:log_requests:113 | GET /favicon.ico - Status: 404
[32m[1mINFO[0m | 2025-11-04 10:16:25 | app.main:log_requests:111 | GET /docs
[31m[1mERROR[0m | 2025-11-04 10:16:25 | app.main:http_exception_handler:124 | HTTP error: 404 - Not Found
[32m[1mINFO[0m | 2025-11-04 10:16:25 | app.main:log_requests:113 | GET /docs - Status: 404
[32m[1mINFO[0m | 2025-11-04 10:16:25 | app.main:log_requests:111 | GET /favicon.ico
[31m[1mERROR[0m | 2025-11-04 10:16:25 | app.main:http_exception_handler:124 | HTTP error: 404 - Not Found
[32m[1mINFO[0m | 2025-11-04 10:16:25 | app.main:log_requests:113 | GET /favicon.ico - Status: 404
[32m[1mINFO[0m | 2025-11-04 10:19:05 | app.main:lifespan:55 | Shutting down GraphBuilderService...
[32m[1mINFO[0m | 2025-11-04 10:19:05 | app.services.neo4j.singleton:close:80 | Closing Neo4j driver...
[32m[1mINFO[0m | 2025-11-04 10:19:05 | app.services.neo4j.singleton:close:82 | Neo4j driver closed
[32m[1mINFO[0m | 2025-11-04 10:19:05 | app.main:lifespan:60 | Neo4j connections closed
[32m[1mINFO[0m | 2025-11-04 10:19:05 | app.main:lifespan:64 | Shutdown complete
